  main.cpp
c:\program files (x86)\intel realsense sdk 2.0\include\librealsense2\h\rs_option.h : warning C4819: 현재 코드 페이지(949)에서 표시할 수 없는 문자가 파일에 들어 있습니다. 데이터가 손실되지 않게 하려면 해당 파일을 유니코드 형식으로 저장하십시오.
c:\users\yelin\source\repos\realsense\realsense\cv-helpers.hpp(131): warning C4244: '=': '_Tp'에서 'int'(으)로 변환하면서 데이터가 손실될 수 있습니다.
          with
          [
              _Tp=double
          ]
c:\users\yelin\source\repos\realsense\realsense\cv-helpers.hpp(132): warning C4244: '=': '_Tp'에서 'int'(으)로 변환하면서 데이터가 손실될 수 있습니다.
          with
          [
              _Tp=double
          ]
c:\users\yelin\source\repos\realsense\realsense\cv-helpers.hpp(133): warning C4244: '=': '_Tp'에서 'int'(으)로 변환하면서 데이터가 손실될 수 있습니다.
          with
          [
              _Tp=double
          ]
c:\users\yelin\source\repos\realsense\realsense\cv-helpers.hpp(148): warning C4244: '인수': '_Tp'에서 'const int'(으)로 변환하면서 데이터가 손실될 수 있습니다.
          with
          [
              _Tp=double
          ]
  코드를 생성하고 있습니다.
  9 of 574 functions ( 1.6%) were compiled, the rest were copied from previous compilation.
    0 functions were new in current compilation
    8 functions had inline decision re-evaluated but remain unchanged
  코드를 생성했습니다.
  realsense.vcxproj -> C:\Users\yelin\source\repos\realsense\x64\Release\realsense.exe
  Copy Intel RealSense SDK 2.0 shared module next to the application
  C:\Program Files (x86)\Intel RealSense SDK 2.0\bin\x64\realsense2.dll
  1개 파일이 복사되었습니다.
