  stdafx.cpp
  MFCApplication1Dlg.cpp
c:\users\w10\documents\visual studio 2015\projects\bionicarm_mfc_ver1.0\mfcapplication1\mfcapplication1dlg.cpp(534): warning C4800: 'int': 'true' 또는 'false'로 bool 값을 강제하고 있습니다(성능 경고).
c:\users\w10\documents\visual studio 2015\projects\bionicarm_mfc_ver1.0\mfcapplication1\mfcapplication1dlg.cpp(535): warning C4800: 'int': 'true' 또는 'false'로 bool 값을 강제하고 있습니다(성능 경고).
c:\users\w10\documents\visual studio 2015\projects\bionicarm_mfc_ver1.0\mfcapplication1\mfcapplication1dlg.cpp(699): warning C4778: 'printf' : 서식 문자열 '%\n'이(가) 종결되지 않았습니다.
  MFCApplication1.cpp
  DensoControl.cpp
  adsClient.cpp
  코드를 생성하고 있습니다...
stdafx.obj : warning LNK4258: '/entry:WinMainCRTStartup' 지시문은 '/ENTRY:wWinMainCRTStartup' 스위치와 호환되지 않습니다. 무시됩니다.
MFCApplication1Dlg.obj : error LNK2019: _bCap_Open_Client 외부 기호(참조 위치: "public: void __thiscall CMFCApplication1Dlg::OnBnClickedInitialization(void)" (?OnBnClickedInitialization@CMFCApplication1Dlg@@QAEXXZ) 함수)에서 확인하지 못했습니다.
MFCApplication1Dlg.obj : error LNK2019: _bCap_Close_Client 외부 기호(참조 위치: "public: void __thiscall CMFCApplication1Dlg::OnBnClickedShutdown(void)" (?OnBnClickedShutdown@CMFCApplication1Dlg@@QAEXXZ) 함수)에서 확인하지 못했습니다.
MFCApplication1Dlg.obj : error LNK2019: _bCap_ServiceStart 외부 기호(참조 위치: "public: void __thiscall CMFCApplication1Dlg::OnBnClickedInitialization(void)" (?OnBnClickedInitialization@CMFCApplication1Dlg@@QAEXXZ) 함수)에서 확인하지 못했습니다.
MFCApplication1Dlg.obj : error LNK2019: _bCap_ServiceStop 외부 기호(참조 위치: "public: void __thiscall CMFCApplication1Dlg::OnBnClickedShutdown(void)" (?OnBnClickedShutdown@CMFCApplication1Dlg@@QAEXXZ) 함수)에서 확인하지 못했습니다.
MFCApplication1Dlg.obj : error LNK2019: _bCap_ControllerConnect 외부 기호(참조 위치: "public: void __thiscall CMFCApplication1Dlg::OnBnClickedInitialization(void)" (?OnBnClickedInitialization@CMFCApplication1Dlg@@QAEXXZ) 함수)에서 확인하지 못했습니다.
MFCApplication1Dlg.obj : error LNK2019: _bCap_ControllerDisconnect 외부 기호(참조 위치: "public: void __thiscall CMFCApplication1Dlg::OnBnClickedShutdown(void)" (?OnBnClickedShutdown@CMFCApplication1Dlg@@QAEXXZ) 함수)에서 확인하지 못했습니다.
MFCApplication1Dlg.obj : error LNK2019: _bCap_ControllerGetRobot 외부 기호(참조 위치: "public: void __thiscall CMFCApplication1Dlg::OnBnClickedInitialization(void)" (?OnBnClickedInitialization@CMFCApplication1Dlg@@QAEXXZ) 함수)에서 확인하지 못했습니다.
MFCApplication1Dlg.obj : error LNK2019: _bCap_RobotExecute 외부 기호(참조 위치: "public: void __thiscall CMFCApplication1Dlg::OnBnClickedInitialization(void)" (?OnBnClickedInitialization@CMFCApplication1Dlg@@QAEXXZ) 함수)에서 확인하지 못했습니다.
MFCApplication1Dlg.obj : error LNK2019: _bCap_RobotRelease 외부 기호(참조 위치: "public: void __thiscall CMFCApplication1Dlg::OnBnClickedShutdown(void)" (?OnBnClickedShutdown@CMFCApplication1Dlg@@QAEXXZ) 함수)에서 확인하지 못했습니다.
C:\Users\w10\Documents\Visual Studio 2015\Projects\BionicArm_MFC_ver1.0\Debug\MFCApplication1.exe : fatal error LNK1120: 9개의 확인할 수 없는 외부 참조입니다.
